<?xml version="1.0" encoding="UTF-8"?>
<!-- Generated by org.testng.reporters.JUnitReportReporter -->
<testsuite hostname="APT04-1DKF7G3" failures="0" tests="2" name="inetBankingV1_MorningBranch.mavenjava.restassured" time="0.006" errors="0" timestamp="2024-07-18T17:22:39 IST" skipped="0">
  <testcase classname="inetBankingV1_MorningBranch.mavenjava.restassured" name="postjira" time="0.000"/>
  <system-out/>
  <testcase classname="inetBankingV1_MorningBranch.mavenjava.restassured" name="deletetwitter" time="0.006"/>
  <system-out/>
</testsuite> <!-- inetBankingV1_MorningBranch.mavenjava.restassured -->
