<?xml version="1.0" encoding="UTF-8"?>
<!-- Generated by org.testng.reporters.JUnitReportReporter -->
<testsuite hostname="APT04-1DKF7G3" failures="0" tests="2" name="inetBankingV1_MorningBranch.mavenjava.appium" time="0.000" errors="0" timestamp="2024-07-18T17:43:24 IST" skipped="0">
  <testcase classname="inetBankingV1_MorningBranch.mavenjava.appium" name="IOSApps" time="0.000"/>
  <testcase classname="inetBankingV1_MorningBranch.mavenjava.appium" name="nativeapp" time="0.000"/>
</testsuite> <!-- inetBankingV1_MorningBranch.mavenjava.appium -->
